ERROR 2025-11-19 19:11:09,152 django.request log Internal Server Error: /checkout/checkout-list/
Traceback (most recent call last):
  File "L:\Programming\Programming\All-Main-Problem-Solving\AI-Quest-Python\assignment 30\env\Lib\site-packages\django\template\base.py", line 510, in parse
    compile_func = self.tags[command]
                   ~~~~~~~~~^^^^^^^^^
KeyError: 'elif'

During handling of the above exception, another exception occurred:

Traceback (most recent call last):
  File "L:\Programming\Programming\All-Main-Problem-Solving\AI-Quest-Python\assignment 30\env\Lib\site-packages\django\core\handlers\exception.py", line 55, in inner
    response = get_response(request)
  File "L:\Programming\Programming\All-Main-Problem-Solving\AI-Quest-Python\assignment 30\env\Lib\site-packages\django\core\handlers\base.py", line 197, in _get_response
    response = wrapped_callback(request, *callback_args, **callback_kwargs)
  File "L:\Programming\Programming\All-Main-Problem-Solving\AI-Quest-Python\assignment 30\env\Lib\site-packages\django\views\generic\base.py", line 105, in view
    return self.dispatch(request, *args, **kwargs)
           ~~~~~~~~~~~~~^^^^^^^^^^^^^^^^^^^^^^^^^^
  File "L:\Programming\Programming\All-Main-Problem-Solving\AI-Quest-Python\assignment 30\env\Lib\site-packages\django\utils\decorators.py", line 48, in _wrapper
    return bound_method(*args, **kwargs)
  File "L:\Programming\Programming\All-Main-Problem-Solving\AI-Quest-Python\assignment 30\env\Lib\site-packages\django\views\decorators\cache.py", line 80, in _view_wrapper
    response = view_func(request, *args, **kwargs)
  File "L:\Programming\Programming\All-Main-Problem-Solving\AI-Quest-Python\assignment 30\env\Lib\site-packages\django\contrib\auth\mixins.py", line 73, in dispatch
    return super().dispatch(request, *args, **kwargs)
           ~~~~~~~~~~~~~~~~^^^^^^^^^^^^^^^^^^^^^^^^^^
  File "L:\Programming\Programming\All-Main-Problem-Solving\AI-Quest-Python\assignment 30\env\Lib\site-packages\django\views\generic\base.py", line 144, in dispatch
    return handler(request, *args, **kwargs)
  File "L:\Programming\Programming\All-Main-Problem-Solving\AI-Quest-Python\assignment 29\checkout\views.py", line 83, in get
    return render(request, 'checkout/checkout_list.html', {
        'checkout_items': checkout_items
    })
  File "L:\Programming\Programming\All-Main-Problem-Solving\AI-Quest-Python\assignment 30\env\Lib\site-packages\django\shortcuts.py", line 25, in render
    content = loader.render_to_string(template_name, context, request, using=using)
  File "L:\Programming\Programming\All-Main-Problem-Solving\AI-Quest-Python\assignment 30\env\Lib\site-packages\django\template\loader.py", line 61, in render_to_string
    template = get_template(template_name, using=using)
  File "L:\Programming\Programming\All-Main-Problem-Solving\AI-Quest-Python\assignment 30\env\Lib\site-packages\django\template\loader.py", line 15, in get_template
    return engine.get_template(template_name)
           ~~~~~~~~~~~~~~~~~~~^^^^^^^^^^^^^^^
  File "L:\Programming\Programming\All-Main-Problem-Solving\AI-Quest-Python\assignment 30\env\Lib\site-packages\django\template\backends\django.py", line 79, in get_template
    return Template(self.engine.get_template(template_name), self)
                    ~~~~~~~~~~~~~~~~~~~~~~~~^^^^^^^^^^^^^^^
  File "L:\Programming\Programming\All-Main-Problem-Solving\AI-Quest-Python\assignment 30\env\Lib\site-packages\django\template\engine.py", line 177, in get_template
    template, origin = self.find_template(template_name)
                       ~~~~~~~~~~~~~~~~~~^^^^^^^^^^^^^^^
  File "L:\Programming\Programming\All-Main-Problem-Solving\AI-Quest-Python\assignment 30\env\Lib\site-packages\django\template\engine.py", line 159, in find_template
    template = loader.get_template(name, skip=skip)
  File "L:\Programming\Programming\All-Main-Problem-Solving\AI-Quest-Python\assignment 30\env\Lib\site-packages\django\template\loaders\cached.py", line 57, in get_template
    template = super().get_template(template_name, skip)
  File "L:\Programming\Programming\All-Main-Problem-Solving\AI-Quest-Python\assignment 30\env\Lib\site-packages\django\template\loaders\base.py", line 28, in get_template
    return Template(
        contents,
    ...<2 lines>...
        self.engine,
    )
  File "L:\Programming\Programming\All-Main-Problem-Solving\AI-Quest-Python\assignment 30\env\Lib\site-packages\django\template\base.py", line 154, in __init__
    self.nodelist = self.compile_nodelist()
                    ~~~~~~~~~~~~~~~~~~~~~^^
  File "L:\Programming\Programming\All-Main-Problem-Solving\AI-Quest-Python\assignment 30\env\Lib\site-packages\django\template\base.py", line 196, in compile_nodelist
    nodelist = parser.parse()
  File "L:\Programming\Programming\All-Main-Problem-Solving\AI-Quest-Python\assignment 30\env\Lib\site-packages\django\template\base.py", line 518, in parse
    raise self.error(token, e)
  File "L:\Programming\Programming\All-Main-Problem-Solving\AI-Quest-Python\assignment 30\env\Lib\site-packages\django\template\base.py", line 516, in parse
    compiled_result = compile_func(self, token)
  File "L:\Programming\Programming\All-Main-Problem-Solving\AI-Quest-Python\assignment 30\env\Lib\site-packages\django\template\loader_tags.py", line 299, in do_extends
    nodelist = parser.parse()
  File "L:\Programming\Programming\All-Main-Problem-Solving\AI-Quest-Python\assignment 30\env\Lib\site-packages\django\template\base.py", line 518, in parse
    raise self.error(token, e)
  File "L:\Programming\Programming\All-Main-Problem-Solving\AI-Quest-Python\assignment 30\env\Lib\site-packages\django\template\base.py", line 516, in parse
    compiled_result = compile_func(self, token)
  File "L:\Programming\Programming\All-Main-Problem-Solving\AI-Quest-Python\assignment 30\env\Lib\site-packages\django\template\loader_tags.py", line 234, in do_block
    nodelist = parser.parse(("endblock",))
  File "L:\Programming\Programming\All-Main-Problem-Solving\AI-Quest-Python\assignment 30\env\Lib\site-packages\django\template\base.py", line 518, in parse
    raise self.error(token, e)
  File "L:\Programming\Programming\All-Main-Problem-Solving\AI-Quest-Python\assignment 30\env\Lib\site-packages\django\template\base.py", line 516, in parse
    compiled_result = compile_func(self, token)
  File "L:\Programming\Programming\All-Main-Problem-Solving\AI-Quest-Python\assignment 30\env\Lib\site-packages\django\template\defaulttags.py", line 962, in do_if
    nodelist = parser.parse(("elif", "else", "endif"))
  File "L:\Programming\Programming\All-Main-Problem-Solving\AI-Quest-Python\assignment 30\env\Lib\site-packages\django\template\base.py", line 518, in parse
    raise self.error(token, e)
  File "L:\Programming\Programming\All-Main-Problem-Solving\AI-Quest-Python\assignment 30\env\Lib\site-packages\django\template\base.py", line 516, in parse
    compiled_result = compile_func(self, token)
  File "L:\Programming\Programming\All-Main-Problem-Solving\AI-Quest-Python\assignment 30\env\Lib\site-packages\django\template\defaulttags.py", line 862, in do_for
    nodelist_loop = parser.parse(
        (
    ...<2 lines>...
        )
    )
  File "L:\Programming\Programming\All-Main-Problem-Solving\AI-Quest-Python\assignment 30\env\Lib\site-packages\django\template\base.py", line 512, in parse
    self.invalid_block_tag(token, command, parse_until)
    ~~~~~~~~~~~~~~~~~~~~~~^^^^^^^^^^^^^^^^^^^^^^^^^^^^^
  File "L:\Programming\Programming\All-Main-Problem-Solving\AI-Quest-Python\assignment 30\env\Lib\site-packages\django\template\base.py", line 567, in invalid_block_tag
    raise self.error(
    ...<8 lines>...
    )
django.template.exceptions.TemplateSyntaxError: Invalid block tag on line 66: 'elif', expected 'empty' or 'endfor'. Did you forget to register or load this tag?
ERROR 2025-11-19 19:11:09,194 django.server basehttp "GET /checkout/checkout-list/ HTTP/1.1" 500 269030
ERROR 2025-11-19 19:11:51,060 django.request log Internal Server Error: /checkout/checkout-list/
Traceback (most recent call last):
  File "L:\Programming\Programming\All-Main-Problem-Solving\AI-Quest-Python\assignment 30\env\Lib\site-packages\django\template\base.py", line 510, in parse
    compile_func = self.tags[command]
                   ~~~~~~~~~^^^^^^^^^
KeyError: 'elif'

During handling of the above exception, another exception occurred:

Traceback (most recent call last):
  File "L:\Programming\Programming\All-Main-Problem-Solving\AI-Quest-Python\assignment 30\env\Lib\site-packages\django\core\handlers\exception.py", line 55, in inner
    response = get_response(request)
  File "L:\Programming\Programming\All-Main-Problem-Solving\AI-Quest-Python\assignment 30\env\Lib\site-packages\django\core\handlers\base.py", line 197, in _get_response
    response = wrapped_callback(request, *callback_args, **callback_kwargs)
  File "L:\Programming\Programming\All-Main-Problem-Solving\AI-Quest-Python\assignment 30\env\Lib\site-packages\django\views\generic\base.py", line 105, in view
    return self.dispatch(request, *args, **kwargs)
           ~~~~~~~~~~~~~^^^^^^^^^^^^^^^^^^^^^^^^^^
  File "L:\Programming\Programming\All-Main-Problem-Solving\AI-Quest-Python\assignment 30\env\Lib\site-packages\django\utils\decorators.py", line 48, in _wrapper
    return bound_method(*args, **kwargs)
  File "L:\Programming\Programming\All-Main-Problem-Solving\AI-Quest-Python\assignment 30\env\Lib\site-packages\django\views\decorators\cache.py", line 80, in _view_wrapper
    response = view_func(request, *args, **kwargs)
  File "L:\Programming\Programming\All-Main-Problem-Solving\AI-Quest-Python\assignment 30\env\Lib\site-packages\django\contrib\auth\mixins.py", line 73, in dispatch
    return super().dispatch(request, *args, **kwargs)
           ~~~~~~~~~~~~~~~~^^^^^^^^^^^^^^^^^^^^^^^^^^
  File "L:\Programming\Programming\All-Main-Problem-Solving\AI-Quest-Python\assignment 30\env\Lib\site-packages\django\views\generic\base.py", line 144, in dispatch
    return handler(request, *args, **kwargs)
  File "L:\Programming\Programming\All-Main-Problem-Solving\AI-Quest-Python\assignment 29\checkout\views.py", line 83, in get
    return render(request, 'checkout/checkout_list.html', {
        'checkout_items': checkout_items
    })
  File "L:\Programming\Programming\All-Main-Problem-Solving\AI-Quest-Python\assignment 30\env\Lib\site-packages\django\shortcuts.py", line 25, in render
    content = loader.render_to_string(template_name, context, request, using=using)
  File "L:\Programming\Programming\All-Main-Problem-Solving\AI-Quest-Python\assignment 30\env\Lib\site-packages\django\template\loader.py", line 61, in render_to_string
    template = get_template(template_name, using=using)
  File "L:\Programming\Programming\All-Main-Problem-Solving\AI-Quest-Python\assignment 30\env\Lib\site-packages\django\template\loader.py", line 15, in get_template
    return engine.get_template(template_name)
           ~~~~~~~~~~~~~~~~~~~^^^^^^^^^^^^^^^
  File "L:\Programming\Programming\All-Main-Problem-Solving\AI-Quest-Python\assignment 30\env\Lib\site-packages\django\template\backends\django.py", line 79, in get_template
    return Template(self.engine.get_template(template_name), self)
                    ~~~~~~~~~~~~~~~~~~~~~~~~^^^^^^^^^^^^^^^
  File "L:\Programming\Programming\All-Main-Problem-Solving\AI-Quest-Python\assignment 30\env\Lib\site-packages\django\template\engine.py", line 177, in get_template
    template, origin = self.find_template(template_name)
                       ~~~~~~~~~~~~~~~~~~^^^^^^^^^^^^^^^
  File "L:\Programming\Programming\All-Main-Problem-Solving\AI-Quest-Python\assignment 30\env\Lib\site-packages\django\template\engine.py", line 159, in find_template
    template = loader.get_template(name, skip=skip)
  File "L:\Programming\Programming\All-Main-Problem-Solving\AI-Quest-Python\assignment 30\env\Lib\site-packages\django\template\loaders\cached.py", line 57, in get_template
    template = super().get_template(template_name, skip)
  File "L:\Programming\Programming\All-Main-Problem-Solving\AI-Quest-Python\assignment 30\env\Lib\site-packages\django\template\loaders\base.py", line 28, in get_template
    return Template(
        contents,
    ...<2 lines>...
        self.engine,
    )
  File "L:\Programming\Programming\All-Main-Problem-Solving\AI-Quest-Python\assignment 30\env\Lib\site-packages\django\template\base.py", line 154, in __init__
    self.nodelist = self.compile_nodelist()
                    ~~~~~~~~~~~~~~~~~~~~~^^
  File "L:\Programming\Programming\All-Main-Problem-Solving\AI-Quest-Python\assignment 30\env\Lib\site-packages\django\template\base.py", line 196, in compile_nodelist
    nodelist = parser.parse()
  File "L:\Programming\Programming\All-Main-Problem-Solving\AI-Quest-Python\assignment 30\env\Lib\site-packages\django\template\base.py", line 518, in parse
    raise self.error(token, e)
  File "L:\Programming\Programming\All-Main-Problem-Solving\AI-Quest-Python\assignment 30\env\Lib\site-packages\django\template\base.py", line 516, in parse
    compiled_result = compile_func(self, token)
  File "L:\Programming\Programming\All-Main-Problem-Solving\AI-Quest-Python\assignment 30\env\Lib\site-packages\django\template\loader_tags.py", line 299, in do_extends
    nodelist = parser.parse()
  File "L:\Programming\Programming\All-Main-Problem-Solving\AI-Quest-Python\assignment 30\env\Lib\site-packages\django\template\base.py", line 518, in parse
    raise self.error(token, e)
  File "L:\Programming\Programming\All-Main-Problem-Solving\AI-Quest-Python\assignment 30\env\Lib\site-packages\django\template\base.py", line 516, in parse
    compiled_result = compile_func(self, token)
  File "L:\Programming\Programming\All-Main-Problem-Solving\AI-Quest-Python\assignment 30\env\Lib\site-packages\django\template\loader_tags.py", line 234, in do_block
    nodelist = parser.parse(("endblock",))
  File "L:\Programming\Programming\All-Main-Problem-Solving\AI-Quest-Python\assignment 30\env\Lib\site-packages\django\template\base.py", line 518, in parse
    raise self.error(token, e)
  File "L:\Programming\Programming\All-Main-Problem-Solving\AI-Quest-Python\assignment 30\env\Lib\site-packages\django\template\base.py", line 516, in parse
    compiled_result = compile_func(self, token)
  File "L:\Programming\Programming\All-Main-Problem-Solving\AI-Quest-Python\assignment 30\env\Lib\site-packages\django\template\defaulttags.py", line 962, in do_if
    nodelist = parser.parse(("elif", "else", "endif"))
  File "L:\Programming\Programming\All-Main-Problem-Solving\AI-Quest-Python\assignment 30\env\Lib\site-packages\django\template\base.py", line 518, in parse
    raise self.error(token, e)
  File "L:\Programming\Programming\All-Main-Problem-Solving\AI-Quest-Python\assignment 30\env\Lib\site-packages\django\template\base.py", line 516, in parse
    compiled_result = compile_func(self, token)
  File "L:\Programming\Programming\All-Main-Problem-Solving\AI-Quest-Python\assignment 30\env\Lib\site-packages\django\template\defaulttags.py", line 862, in do_for
    nodelist_loop = parser.parse(
        (
    ...<2 lines>...
        )
    )
  File "L:\Programming\Programming\All-Main-Problem-Solving\AI-Quest-Python\assignment 30\env\Lib\site-packages\django\template\base.py", line 512, in parse
    self.invalid_block_tag(token, command, parse_until)
    ~~~~~~~~~~~~~~~~~~~~~~^^^^^^^^^^^^^^^^^^^^^^^^^^^^^
  File "L:\Programming\Programming\All-Main-Problem-Solving\AI-Quest-Python\assignment 30\env\Lib\site-packages\django\template\base.py", line 567, in invalid_block_tag
    raise self.error(
    ...<8 lines>...
    )
django.template.exceptions.TemplateSyntaxError: Invalid block tag on line 66: 'elif', expected 'empty' or 'endfor'. Did you forget to register or load this tag?
ERROR 2025-11-19 19:11:51,076 django.server basehttp "GET /checkout/checkout-list/ HTTP/1.1" 500 269030
ERROR 2025-11-19 19:11:52,822 django.request log Internal Server Error: /checkout/checkout-list/
Traceback (most recent call last):
  File "L:\Programming\Programming\All-Main-Problem-Solving\AI-Quest-Python\assignment 30\env\Lib\site-packages\django\template\base.py", line 510, in parse
    compile_func = self.tags[command]
                   ~~~~~~~~~^^^^^^^^^
KeyError: 'elif'

During handling of the above exception, another exception occurred:

Traceback (most recent call last):
  File "L:\Programming\Programming\All-Main-Problem-Solving\AI-Quest-Python\assignment 30\env\Lib\site-packages\django\core\handlers\exception.py", line 55, in inner
    response = get_response(request)
  File "L:\Programming\Programming\All-Main-Problem-Solving\AI-Quest-Python\assignment 30\env\Lib\site-packages\django\core\handlers\base.py", line 197, in _get_response
    response = wrapped_callback(request, *callback_args, **callback_kwargs)
  File "L:\Programming\Programming\All-Main-Problem-Solving\AI-Quest-Python\assignment 30\env\Lib\site-packages\django\views\generic\base.py", line 105, in view
    return self.dispatch(request, *args, **kwargs)
           ~~~~~~~~~~~~~^^^^^^^^^^^^^^^^^^^^^^^^^^
  File "L:\Programming\Programming\All-Main-Problem-Solving\AI-Quest-Python\assignment 30\env\Lib\site-packages\django\utils\decorators.py", line 48, in _wrapper
    return bound_method(*args, **kwargs)
  File "L:\Programming\Programming\All-Main-Problem-Solving\AI-Quest-Python\assignment 30\env\Lib\site-packages\django\views\decorators\cache.py", line 80, in _view_wrapper
    response = view_func(request, *args, **kwargs)
  File "L:\Programming\Programming\All-Main-Problem-Solving\AI-Quest-Python\assignment 30\env\Lib\site-packages\django\contrib\auth\mixins.py", line 73, in dispatch
    return super().dispatch(request, *args, **kwargs)
           ~~~~~~~~~~~~~~~~^^^^^^^^^^^^^^^^^^^^^^^^^^
  File "L:\Programming\Programming\All-Main-Problem-Solving\AI-Quest-Python\assignment 30\env\Lib\site-packages\django\views\generic\base.py", line 144, in dispatch
    return handler(request, *args, **kwargs)
  File "L:\Programming\Programming\All-Main-Problem-Solving\AI-Quest-Python\assignment 29\checkout\views.py", line 83, in get
    return render(request, 'checkout/checkout_list.html', {
        'checkout_items': checkout_items
    })
  File "L:\Programming\Programming\All-Main-Problem-Solving\AI-Quest-Python\assignment 30\env\Lib\site-packages\django\shortcuts.py", line 25, in render
    content = loader.render_to_string(template_name, context, request, using=using)
  File "L:\Programming\Programming\All-Main-Problem-Solving\AI-Quest-Python\assignment 30\env\Lib\site-packages\django\template\loader.py", line 61, in render_to_string
    template = get_template(template_name, using=using)
  File "L:\Programming\Programming\All-Main-Problem-Solving\AI-Quest-Python\assignment 30\env\Lib\site-packages\django\template\loader.py", line 15, in get_template
    return engine.get_template(template_name)
           ~~~~~~~~~~~~~~~~~~~^^^^^^^^^^^^^^^
  File "L:\Programming\Programming\All-Main-Problem-Solving\AI-Quest-Python\assignment 30\env\Lib\site-packages\django\template\backends\django.py", line 79, in get_template
    return Template(self.engine.get_template(template_name), self)
                    ~~~~~~~~~~~~~~~~~~~~~~~~^^^^^^^^^^^^^^^
  File "L:\Programming\Programming\All-Main-Problem-Solving\AI-Quest-Python\assignment 30\env\Lib\site-packages\django\template\engine.py", line 177, in get_template
    template, origin = self.find_template(template_name)
                       ~~~~~~~~~~~~~~~~~~^^^^^^^^^^^^^^^
  File "L:\Programming\Programming\All-Main-Problem-Solving\AI-Quest-Python\assignment 30\env\Lib\site-packages\django\template\engine.py", line 159, in find_template
    template = loader.get_template(name, skip=skip)
  File "L:\Programming\Programming\All-Main-Problem-Solving\AI-Quest-Python\assignment 30\env\Lib\site-packages\django\template\loaders\cached.py", line 57, in get_template
    template = super().get_template(template_name, skip)
  File "L:\Programming\Programming\All-Main-Problem-Solving\AI-Quest-Python\assignment 30\env\Lib\site-packages\django\template\loaders\base.py", line 28, in get_template
    return Template(
        contents,
    ...<2 lines>...
        self.engine,
    )
  File "L:\Programming\Programming\All-Main-Problem-Solving\AI-Quest-Python\assignment 30\env\Lib\site-packages\django\template\base.py", line 154, in __init__
    self.nodelist = self.compile_nodelist()
                    ~~~~~~~~~~~~~~~~~~~~~^^
  File "L:\Programming\Programming\All-Main-Problem-Solving\AI-Quest-Python\assignment 30\env\Lib\site-packages\django\template\base.py", line 196, in compile_nodelist
    nodelist = parser.parse()
  File "L:\Programming\Programming\All-Main-Problem-Solving\AI-Quest-Python\assignment 30\env\Lib\site-packages\django\template\base.py", line 518, in parse
    raise self.error(token, e)
  File "L:\Programming\Programming\All-Main-Problem-Solving\AI-Quest-Python\assignment 30\env\Lib\site-packages\django\template\base.py", line 516, in parse
    compiled_result = compile_func(self, token)
  File "L:\Programming\Programming\All-Main-Problem-Solving\AI-Quest-Python\assignment 30\env\Lib\site-packages\django\template\loader_tags.py", line 299, in do_extends
    nodelist = parser.parse()
  File "L:\Programming\Programming\All-Main-Problem-Solving\AI-Quest-Python\assignment 30\env\Lib\site-packages\django\template\base.py", line 518, in parse
    raise self.error(token, e)
  File "L:\Programming\Programming\All-Main-Problem-Solving\AI-Quest-Python\assignment 30\env\Lib\site-packages\django\template\base.py", line 516, in parse
    compiled_result = compile_func(self, token)
  File "L:\Programming\Programming\All-Main-Problem-Solving\AI-Quest-Python\assignment 30\env\Lib\site-packages\django\template\loader_tags.py", line 234, in do_block
    nodelist = parser.parse(("endblock",))
  File "L:\Programming\Programming\All-Main-Problem-Solving\AI-Quest-Python\assignment 30\env\Lib\site-packages\django\template\base.py", line 518, in parse
    raise self.error(token, e)
  File "L:\Programming\Programming\All-Main-Problem-Solving\AI-Quest-Python\assignment 30\env\Lib\site-packages\django\template\base.py", line 516, in parse
    compiled_result = compile_func(self, token)
  File "L:\Programming\Programming\All-Main-Problem-Solving\AI-Quest-Python\assignment 30\env\Lib\site-packages\django\template\defaulttags.py", line 962, in do_if
    nodelist = parser.parse(("elif", "else", "endif"))
  File "L:\Programming\Programming\All-Main-Problem-Solving\AI-Quest-Python\assignment 30\env\Lib\site-packages\django\template\base.py", line 518, in parse
    raise self.error(token, e)
  File "L:\Programming\Programming\All-Main-Problem-Solving\AI-Quest-Python\assignment 30\env\Lib\site-packages\django\template\base.py", line 516, in parse
    compiled_result = compile_func(self, token)
  File "L:\Programming\Programming\All-Main-Problem-Solving\AI-Quest-Python\assignment 30\env\Lib\site-packages\django\template\defaulttags.py", line 862, in do_for
    nodelist_loop = parser.parse(
        (
    ...<2 lines>...
        )
    )
  File "L:\Programming\Programming\All-Main-Problem-Solving\AI-Quest-Python\assignment 30\env\Lib\site-packages\django\template\base.py", line 512, in parse
    self.invalid_block_tag(token, command, parse_until)
    ~~~~~~~~~~~~~~~~~~~~~~^^^^^^^^^^^^^^^^^^^^^^^^^^^^^
  File "L:\Programming\Programming\All-Main-Problem-Solving\AI-Quest-Python\assignment 30\env\Lib\site-packages\django\template\base.py", line 567, in invalid_block_tag
    raise self.error(
    ...<8 lines>...
    )
django.template.exceptions.TemplateSyntaxError: Invalid block tag on line 66: 'elif', expected 'empty' or 'endfor'. Did you forget to register or load this tag?
ERROR 2025-11-19 19:11:52,840 django.server basehttp "GET /checkout/checkout-list/ HTTP/1.1" 500 269030
